<?xml version="1.0" encoding="UTF-8"?>
<!-- Generated by org.testng.reporters.JUnitXMLReporter -->
<testsuite ignored="2" hostname="DESKTOP-41VTHPF" failures="0" tests="2" name="Test" time="61.212" errors="0" timestamp="2022-08-25T08:28:25 AST">
  <testcase classname="testcases.VerifyNewUserRegisteration" name="NewUserRegisteration" time="49.535"/>
  <testcase classname="testcases.VerifyLogin" name="LoginSuccessTest" time="6.742"/>
  <testcase classname="testcases.BaseClass" name="@AfterTest DataTearDown" time="0.0">
    <ignored/>
  </testcase> <!-- @AfterTest DataTearDown -->
  <testcase classname="testcases.BaseClass" name="@BeforeTest DataSetup" time="0.0">
    <ignored/>
  </testcase> <!-- @BeforeTest DataSetup -->
</testsuite> <!-- Test -->
