<?xml version="1.0" encoding="UTF-8"?>
<!-- Generated by org.testng.reporters.JUnitXMLReporter -->
<testsuite ignored="10" hostname="DESKTOP-41VTHPF" failures="0" tests="6" name="Test" time="106.58" errors="0" timestamp="2022-08-27T12:07:41 AST">
  <testcase classname="testcases.VerifyDeletedDBData" name="verifyDeletedDbData" time="0.099"/>
  <testcase classname="testcases.VerifyNewUserRegisteration" name="NewUserRegisteration" time="51.847"/>
  <testcase classname="testcases.VerifyDBData" name="verifyDbData" time="0.017"/>
  <testcase classname="testcases.VerifyLogin" name="LoginSuccessTest" time="14.294"/>
  <testcase classname="testcases.VerifyViewAddProductInCart" name="ViewAddProductInCart" time="21.466"/>
  <testcase classname="testcases.VerifyRestAPI" name="APIChaining" time="3.602"/>
  <testcase classname="testcases.BaseClass" name="@AfterTest DataTearDown" time="0.0">
    <ignored/>
  </testcase> <!-- @AfterTest DataTearDown -->
  <testcase classname="testcases.BaseClass" name="@BeforeTest DataSetup" time="0.0">
    <ignored/>
  </testcase> <!-- @BeforeTest DataSetup -->
  <testcase classname="testcases.BaseClass" name="@BeforeTest DataSetup" time="0.0">
    <ignored/>
  </testcase> <!-- @BeforeTest DataSetup -->
  <testcase classname="testcases.BaseClass" name="@AfterTest DataTearDown" time="0.0">
    <ignored/>
  </testcase> <!-- @AfterTest DataTearDown -->
  <testcase classname="testcases.BaseClass" name="@BeforeTest DataSetup" time="0.0">
    <ignored/>
  </testcase> <!-- @BeforeTest DataSetup -->
  <testcase classname="testcases.BaseClass" name="@AfterTest DataTearDown" time="0.0">
    <ignored/>
  </testcase> <!-- @AfterTest DataTearDown -->
  <testcase classname="testcases.BaseClass" name="@AfterTest DataTearDown" time="0.0">
    <ignored/>
  </testcase> <!-- @AfterTest DataTearDown -->
  <testcase classname="testcases.BaseClass" name="@AfterTest DataTearDown" time="0.0">
    <ignored/>
  </testcase> <!-- @AfterTest DataTearDown -->
  <testcase classname="testcases.BaseClass" name="@BeforeTest DataSetup" time="0.0">
    <ignored/>
  </testcase> <!-- @BeforeTest DataSetup -->
  <testcase classname="testcases.BaseClass" name="@BeforeTest DataSetup" time="0.0">
    <ignored/>
  </testcase> <!-- @BeforeTest DataSetup -->
</testsuite> <!-- Test -->
